<?xml version="1.0" encoding="UTF-8"?>
<testng-results ignored="0" total="1" passed="1" failed="0" skipped="0">
  <reporter-output>
  </reporter-output>
  <suite started-at="2021-08-03T12:25:37 IST" name="Default suite" finished-at="2021-08-03T12:25:42 IST" duration-ms="5058">
    <groups>
    </groups>
    <test started-at="2021-08-03T12:25:37 IST" name="Default test" finished-at="2021-08-03T12:25:42 IST" duration-ms="5058">
      <class name="com.comcast.create.CreateProjectWithCreatestatusandValidatedatainDbTest">
        <test-method signature="createProjectWithCreatestatusandValidatedatainDbTest()[pri:0, instance:com.comcast.create.CreateProjectWithCreatestatusandValidatedatainDbTest@2ea227af]" started-at="2021-08-03T12:25:37 IST" name="createProjectWithCreatestatusandValidatedatainDbTest" finished-at="2021-08-03T12:25:42 IST" duration-ms="4998" status="PASS">
          <reporter-output>
          </reporter-output>
        </test-method> <!-- createProjectWithCreatestatusandValidatedatainDbTest -->
      </class> <!-- com.comcast.create.CreateProjectWithCreatestatusandValidatedatainDbTest -->
    </test> <!-- Default test -->
  </suite> <!-- Default suite -->
</testng-results>
